============================================================
  Generated by:           Genus(TM) Synthesis Solution 20.11-s111_1
  Generated on:           Jul 23 2025  01:57:43 pm
  Module:                 Top
  Technology libraries:   tsl18fs120_scl_ss 1
                          tsl18cio150_max 1.0
                          tsl18fs120_scl_ss 1
                          tsl18cio150_max 1.0
  Operating conditions:   tsl18cio150_max (worst_case_tree)
  Wireload mode:          enclosed
  Area mode:              timing library
============================================================

Timing
--------

Clock  Period  
---------------
clk   100000.0 


  Cost    Critical         Violating 
 Group   Path Slack  TNS     Paths   
-------------------------------------
clk        No paths   0.0            
default    No paths   0.0            
I2O         42870.2   0.0          0 
I2R         96799.3   0.0          0 
R2O         93483.9   0.0          0 
R2R         95363.1   0.0          0 
-------------------------------------
Total                 0.0          0 

Instance Count
--------------
Leaf Instance Count             2093 
Physical Instance count            0 
Sequential Instance Count        309 
Combinational Instance Count    1784 
Hierarchical Instance Count        6 

Area
----
Cell Area                          101154.515
Physical Cell Area                 0.000
Total Cell Area (Cell+Physical)    101154.515
Net Area                           3.059
Total Area (Cell+Physical+Net)     101157.574

Runtime                            0.0 seconds
Elapsed Runtime                    34 seconds
Genus peak memory usage            1152.43 
Innovus peak memory usage          no_value 
Hostname                           localhost
