============================================================
  Generated by:           Genus(TM) Synthesis Solution 20.11-s111_1
  Generated on:           Jul 23 2025  01:57:52 pm
  Module:                 Top
  Technology libraries:   tsl18fs120_scl_ss 1
                          tsl18cio150_max 1.0
                          tsl18fs120_scl_ss 1
                          tsl18cio150_max 1.0
  Operating conditions:   tsl18cio150_max (worst_case_tree)
  Wireload mode:          enclosed
  Area mode:              timing library
============================================================

Timing
--------

Clock  Period  
---------------
clk   100000.0 


  Cost    Critical         Violating 
 Group   Path Slack  TNS     Paths   
-------------------------------------
clk        No paths   0.0            
default    No paths   0.0            
I2O         43064.6   0.0          0 
I2R         96797.4   0.0          0 
R2O         91718.8   0.0          0 
R2R         86050.6   0.0          0 
-------------------------------------
Total                 0.0          0 

Instance Count
--------------
Leaf Instance Count             1258 
Physical Instance count            0 
Sequential Instance Count        309 
Combinational Instance Count     949 
Hierarchical Instance Count        6 

Area
----
Cell Area                          75983.443
Physical Cell Area                 0.000
Total Cell Area (Cell+Physical)    75983.443
Net Area                           809.924
Total Area (Cell+Physical+Net)     76793.367

Runtime                            0.0 seconds
Elapsed Runtime                    43 seconds
Genus peak memory usage            1167.00 
Innovus peak memory usage          no_value 
Hostname                           localhost
