============================================================
  Generated by:           Genus(TM) Synthesis Solution 20.11-s111_1
  Generated on:           Jul 23 2025  01:57:59 pm
  Module:                 Top
  Technology libraries:   tsl18fs120_scl_ss 1
                          tsl18cio150_max 1.0
                          tsl18fs120_scl_ss 1
                          tsl18cio150_max 1.0
  Operating conditions:   tsl18cio150_max (worst_case_tree)
  Wireload mode:          enclosed
  Area mode:              timing library
============================================================

                                  Leakage  
   Gate    Instances    Area    Power (nW)        Library       
----------------------------------------------------------------
ah01d1             6    207.000      4.523    tsl18fs120_scl_ss 
an02d1            40    627.200      9.084    tsl18fs120_scl_ss 
an02da             1     40.770      4.297    tsl18fs120_scl_ss 
an12d1             5    109.750      2.348    tsl18fs120_scl_ss 
aoi21d1           10    156.800      1.484    tsl18fs120_scl_ss 
aoi222d1           7    219.520      0.808    tsl18fs120_scl_ss 
aoi22d1          186   3500.520     14.413    tsl18fs120_scl_ss 
aoi311d1           1     21.950      0.258    tsl18fs120_scl_ss 
aoi31d1            2     37.640      0.263    tsl18fs120_scl_ss 
aoim211d1          8    175.600      3.814    tsl18fs120_scl_ss 
aoim21d1           2     37.640      0.783    tsl18fs120_scl_ss 
aoim22d1          72   1580.400     37.742    tsl18fs120_scl_ss 
aor21d1            2     43.900      0.862    tsl18fs120_scl_ss 
aor222d1          16    602.080      6.446    tsl18fs120_scl_ss 
aor22d1           47   1179.230     14.908    tsl18fs120_scl_ss 
dfnrb1            27   1693.440     23.611    tsl18fs120_scl_ss 
dfnrn1             3    178.740      1.755    tsl18fs120_scl_ss 
dfnrq1           278  16563.241    218.814    tsl18fs120_scl_ss 
dfnrq4             1     68.990      2.861    tsl18fs120_scl_ss 
inv0d0            63    395.010      9.311    tsl18fs120_scl_ss 
inv0d1            17    159.970      1.600    tsl18fs120_scl_ss 
inv0d2             6     75.240      1.225    tsl18fs120_scl_ss 
invbd2             2     31.360      0.332    tsl18fs120_scl_ss 
invbd4             2     43.900      0.777    tsl18fs120_scl_ss 
mx02d1            18    451.620      6.500    tsl18fs120_scl_ss 
nd02d1            40    501.600      1.328    tsl18fs120_scl_ss 
nd03d1             2     31.360      0.053    tsl18fs120_scl_ss 
nd04d1             2     37.640      0.041    tsl18fs120_scl_ss 
nd12d1            20    313.600      3.304    tsl18fs120_scl_ss 
nd12d2             1     25.090      0.284    tsl18fs120_scl_ss 
nr02d0             1     12.540      0.140    tsl18fs120_scl_ss 
nr02d1           180   2257.200     31.320    tsl18fs120_scl_ss 
nr02d2             5     94.100      2.070    tsl18fs120_scl_ss 
nr03d0             1     15.680      0.207    tsl18fs120_scl_ss 
nr03d1             1     15.680      0.302    tsl18fs120_scl_ss 
nr13d1             3     65.850      0.996    tsl18fs120_scl_ss 
nr23d1             2     50.180      0.512    tsl18fs120_scl_ss 
oai211d1           9    169.380      0.283    tsl18fs120_scl_ss 
oai21d1            4     62.720      0.224    tsl18fs120_scl_ss 
oai221d1           6    169.320      0.259    tsl18fs120_scl_ss 
oai222d1          17    479.740      0.927    tsl18fs120_scl_ss 
oai22d1           36    677.520      2.963    tsl18fs120_scl_ss 
oai31d1            2     43.900      0.118    tsl18fs120_scl_ss 
oai321d1           2     62.720      0.092    tsl18fs120_scl_ss 
oaim21d1           2     37.640      0.257    tsl18fs120_scl_ss 
oaim22d1           6    150.540      1.459    tsl18fs120_scl_ss 
oan211d1           3     56.460      0.473    tsl18fs120_scl_ss 
or02d1             7    109.760      2.359    tsl18fs120_scl_ss 
or03d1             1     21.950      0.401    tsl18fs120_scl_ss 
or04d1             1     25.090      0.484    tsl18fs120_scl_ss 
ora21d1            1     25.090      0.259    tsl18fs120_scl_ss 
ora31d1            1     25.090      0.257    tsl18fs120_scl_ss 
pc3c01             1   1295.440     61.979    tsl18cio150_max   
pc3d01            15  19431.601   5839.022    tsl18cio150_max   
pc3o05            16  20727.041   6194.083    tsl18cio150_max   
xr02d1            15    470.400      8.973    tsl18fs120_scl_ss 
----------------------------------------------------------------
total           1225  75663.433  12524.249                      


                                                    Leakage  Leakage 
     Library      Instances Instances %    Area   Power (nW) Power % 
---------------------------------------------------------------------
tsl18cio150_max          32         2.6 41454.082  12095.083    96.6 
tsl18fs120_scl_ss      1193        97.4 34209.351    429.166     3.4 

                                            Leakage  Leakage 
     Type      Instances    Area   Area % Power (nW) Power % 
-------------------------------------------------------------
timing_model          32 41454.082   54.8  12095.083    96.6 
sequential           309 18504.411   24.5    247.041     2.0 
inverter              90   705.480    0.9     13.244     0.1 
logic                794 14999.460   19.8    168.880     1.3 
physical_cells         0     0.000    0.0      0.000     0.0 
-------------------------------------------------------------
total               1225 75663.433  100.0  12524.249   100.0 

