###############################################################
#  Generated by:      Cadence Innovus 20.14-s095_1
#  OS:                Linux x86_64(Host ID pesc-25.pes.edu)
#  Generated on:      Wed Jul 23 15:18:15 2025
#  Design:            Top
#  Command:           report_ccopt_skew_groups -summary -file ./ClockTreeSynthesis/_skew_group.rpt
###############################################################

Skew Group Structure:
=====================

-----------------------------------------------------------------
Skew Group    Sources    Constrained Sinks    Unconstrained Sinks
-----------------------------------------------------------------
clk/all          1              309                    1
-----------------------------------------------------------------

Skew Group Summary:
===================

------------------------------------------------------------------------------------------------------------------------------------------------------------------
Timing Corner            Skew Group    ID Target    Min ID    Max ID    Avg ID    Std.Dev. ID    Skew Target Type    Skew Target    Skew     Skew window occupancy
------------------------------------------------------------------------------------------------------------------------------------------------------------------
max_delay:setup.early    clk/all           -        1.162     1.181     1.176        0.003       ignored                  -         0.019              -
max_delay:setup.late     clk/all       none         2.701     2.720     2.714        0.004       auto computed        0.489         0.019    100% {2.701, 2.720}
min_delay:hold.early     clk/all           -        1.162     1.181     1.176        0.003       ignored                  -         0.019              -
min_delay:hold.late      clk/all           -        2.701     2.720     2.714        0.004       explicit             0.500         0.019    100% {2.701, 2.720}
------------------------------------------------------------------------------------------------------------------------------------------------------------------

* - indicates that target was not met.

Skew Group Min/Max path pins:
=============================

---------------------------------------------------------------------------
Timing Corner            Skew Group    Min ID    PathID    Max ID    PathID
---------------------------------------------------------------------------
max_delay:setup.early    clk/all       1.162       -       1.181       -
-    min u_input_taker/key_out_reg[16]/CP
-    max u_output_giver/cipher_reg[2]/CP
max_delay:setup.late     clk/all       2.701       -       2.720       -
-    min u_input_taker/key_out_reg[16]/CP
-    max u_output_giver/cipher_reg[2]/CP
min_delay:hold.early     clk/all       1.162       -       1.181       -
-    min u_input_taker/key_out_reg[16]/CP
-    max u_output_giver/cipher_reg[2]/CP
min_delay:hold.late      clk/all       2.701       -       2.720       -
-    min u_input_taker/key_out_reg[16]/CP
-    max u_output_giver/cipher_reg[2]/CP
---------------------------------------------------------------------------

